<?xml version="1.0" encoding="UTF-8"?>
<!-- Generated by org.testng.reporters.JUnitXMLReporter -->
<testsuite ignored="0" hostname="Francis" failures="0" tests="9" name="Test" time="75.092" errors="0" timestamp="2024-12-18T13:48:56 IST">
  <testcase classname="com.adactingLoginTest.LoginTest" name="tc_001" time="1.188"/>
  <testcase classname="com.adactingLoginTest.LoginTest" name="tc_001" time="0.879"/>
  <testcase classname="com.adactingLoginTest.LoginTest" name="tc_001" time="0.775"/>
  <testcase classname="com.adactingLoginTest.LoginTest" name="tc_002" time="0.807"/>
  <testcase classname="com.adactingLoginTest.LoginTest" name="tc_003" time="0.904"/>
  <testcase classname="com.adactingLoginTest.LoginTest" name="tc_004" time="0.44"/>
  <testcase classname="com.adactingLoginTest.LoginTest" name="tc_005" time="12.735"/>
  <testcase classname="com.adactingLoginTest.LoginTest" name="tc_006" time="2.917"/>
  <testcase classname="com.adactingLoginTest.LoginTest" name="tc_007" time="1.052"/>
</testsuite> <!-- Test -->
