<?xml version="1.0" encoding="UTF-8"?>
<!-- Generated by org.testng.reporters.JUnitXMLReporter -->
<testsuite ignored="0" hostname="Francis" failures="0" tests="9" name="Test3" time="83.703" errors="0" timestamp="2024-12-18T15:40:59 IST">
  <testcase classname="com.adactingLoginTest.LoginTest" name="tc_001" time="0.876"/>
  <testcase classname="com.adactingLoginTest.LoginTest" name="tc_001" time="0.758"/>
  <testcase classname="com.adactingLoginTest.LoginTest" name="tc_001" time="0.732"/>
  <testcase classname="com.adactingLoginTest.LoginTest" name="tc_002" time="0.704"/>
  <testcase classname="com.adactingLoginTest.LoginTest" name="tc_003" time="1.099"/>
  <testcase classname="com.adactingLoginTest.LoginTest" name="tc_004" time="0.469"/>
  <testcase classname="com.adactingLoginTest.LoginTest" name="tc_005" time="12.78"/>
  <testcase classname="com.adactingLoginTest.LoginTest" name="tc_006" time="3.103"/>
  <testcase classname="com.adactingLoginTest.LoginTest" name="tc_007" time="1.099"/>
</testsuite> <!-- Test3 -->
