<?xml version="1.0" encoding="UTF-8"?>
<!-- Generated by org.testng.reporters.JUnitXMLReporter -->
<testsuite ignored="4" hostname="Francis" failures="0" tests="1" name="Test2" time="22.548" errors="0" timestamp="2024-12-18T12:39:12 IST">
  <testcase classname="com.adactingLoginTest.LoginTest" name="tc_005" time="14.454"/>
  <testcase classname="com.adactingLoginTest.LoginTest" name="tc_003" time="0.0">
    <ignored/>
  </testcase> <!-- tc_003 -->
  <testcase classname="com.adactingLoginTest.LoginTest" name="tc_004" time="0.0">
    <ignored/>
  </testcase> <!-- tc_004 -->
  <testcase classname="com.adactingLoginTest.LoginTest" name="tc_001" time="0.0">
    <ignored/>
  </testcase> <!-- tc_001 -->
  <testcase classname="com.adactingLoginTest.LoginTest" name="tc_002" time="0.0">
    <ignored/>
  </testcase> <!-- tc_002 -->
</testsuite> <!-- Test2 -->
