<?xml version="1.0" encoding="UTF-8"?>
<!-- Generated by org.testng.reporters.JUnitXMLReporter -->
<testsuite ignored="4" hostname="Francis" failures="0" tests="1" name="Test1" time="19.506" errors="0" timestamp="2024-12-18T12:38:50 IST">
  <testcase classname="com.adactingLoginTest.LoginTest" name="tc_005" time="13.106"/>
  <testcase classname="com.adactingLoginTest.LoginTest" name="tc_004" time="0.0">
    <ignored/>
  </testcase> <!-- tc_004 -->
  <testcase classname="com.adactingLoginTest.LoginTest" name="tc_002" time="0.0">
    <ignored/>
  </testcase> <!-- tc_002 -->
  <testcase classname="com.adactingLoginTest.LoginTest" name="tc_003" time="0.0">
    <ignored/>
  </testcase> <!-- tc_003 -->
  <testcase classname="com.adactingLoginTest.LoginTest" name="tc_001" time="0.0">
    <ignored/>
  </testcase> <!-- tc_001 -->
</testsuite> <!-- Test1 -->
