<?xml version="1.0" encoding="UTF-8"?>
<!-- Generated by org.testng.reporters.JUnitXMLReporter -->
<testsuite ignored="0" hostname="Francis" failures="0" tests="9" name="Test1" time="80.545" errors="0" timestamp="2024-12-18T15:37:57 IST">
  <testcase classname="com.adactingLoginTest.LoginTest" name="tc_001" time="0.896"/>
  <testcase classname="com.adactingLoginTest.LoginTest" name="tc_001" time="0.844"/>
  <testcase classname="com.adactingLoginTest.LoginTest" name="tc_001" time="0.815"/>
  <testcase classname="com.adactingLoginTest.LoginTest" name="tc_002" time="0.917"/>
  <testcase classname="com.adactingLoginTest.LoginTest" name="tc_003" time="1.011"/>
  <testcase classname="com.adactingLoginTest.LoginTest" name="tc_004" time="0.618"/>
  <testcase classname="com.adactingLoginTest.LoginTest" name="tc_005" time="13.165"/>
  <testcase classname="com.adactingLoginTest.LoginTest" name="tc_006" time="2.929"/>
  <testcase classname="com.adactingLoginTest.LoginTest" name="tc_007" time="1.175"/>
</testsuite> <!-- Test1 -->
