<?xml version="1.0" encoding="UTF-8"?>
<!-- Generated by org.testng.reporters.JUnitXMLReporter -->
<testsuite ignored="0" hostname="Francis" failures="3" tests="4" name="Test3" time="32.489" errors="0" timestamp="2024-12-18T11:26:42 IST">
  <testcase classname="com.adactingLoginTest.LoginTest" name="tc_001" time="0.811"/>
  <testcase classname="com.adactingLoginTest.LoginTest" name="tc_002" time="1.356">
    <failure type="java.lang.AssertionError" message="expected [true] but found [false]">
      <![CDATA[java.lang.AssertionError: expected [true] but found [false]
at com.adactingLoginTest.LoginTest.tc_002(LoginTest.java:52)
at java.base/java.util.ArrayList.forEach(ArrayList.java:1511)
... Removed 31 stack frames]]>
    </failure>
  </testcase> <!-- tc_002 -->
  <testcase classname="com.adactingLoginTest.LoginTest" name="tc_003" time="0.698">
    <failure type="java.lang.AssertionError" message="expected [true] but found [false]">
      <![CDATA[java.lang.AssertionError: expected [true] but found [false]
at com.adactingLoginTest.LoginTest.tc_003(LoginTest.java:66)
at java.base/java.util.ArrayList.forEach(ArrayList.java:1511)
... Removed 31 stack frames]]>
    </failure>
  </testcase> <!-- tc_003 -->
  <testcase classname="com.adactingLoginTest.LoginTest" name="tc_004" time="0.692">
    <failure type="java.lang.AssertionError" message="expected [true] but found [false]">
      <![CDATA[java.lang.AssertionError: expected [true] but found [false]
at com.adactingLoginTest.LoginTest.tc_004(LoginTest.java:80)
at java.base/java.util.ArrayList.forEach(ArrayList.java:1511)
... Removed 31 stack frames]]>
    </failure>
  </testcase> <!-- tc_004 -->
</testsuite> <!-- Test3 -->
