<?xml version="1.0" encoding="UTF-8"?>
<testng-results ignored="0" total="9" passed="9" failed="0" skipped="0">
  <reporter-output>
  </reporter-output>
  <suite started-at="2024-12-18T13:47:41 IST" name="Suite" finished-at="2024-12-18T13:48:56 IST" duration-ms="75092">
    <groups>
      <group name="Reqression">
        <method signature="LoginTest.tc_002()[pri:2, instance:com.adactingLoginTest.LoginTest@548e6d58]" name="tc_002" class="com.adactingLoginTest.LoginTest"/>
      </group> <!-- Reqression -->
      <group name="Regression">
        <method signature="LoginTest.tc_003()[pri:3, instance:com.adactingLoginTest.LoginTest@548e6d58]" name="tc_003" class="com.adactingLoginTest.LoginTest"/>
        <method signature="LoginTest.tc_004()[pri:4, instance:com.adactingLoginTest.LoginTest@548e6d58]" name="tc_004" class="com.adactingLoginTest.LoginTest"/>
        <method signature="LoginTest.tc_005()[pri:5, instance:com.adactingLoginTest.LoginTest@548e6d58]" name="tc_005" class="com.adactingLoginTest.LoginTest"/>
        <method signature="LoginTest.tc_006()[pri:6, instance:com.adactingLoginTest.LoginTest@548e6d58]" name="tc_006" class="com.adactingLoginTest.LoginTest"/>
      </group> <!-- Regression -->
      <group name="smoke">
        <method signature="LoginTest.tc_001()[pri:1, instance:com.adactingLoginTest.LoginTest@548e6d58]" name="tc_001" class="com.adactingLoginTest.LoginTest"/>
        <method signature="LoginTest.tc_007()[pri:7, instance:com.adactingLoginTest.LoginTest@548e6d58]" name="tc_007" class="com.adactingLoginTest.LoginTest"/>
      </group> <!-- smoke -->
    </groups>
    <test started-at="2024-12-18T13:47:41 IST" name="Test" finished-at="2024-12-18T13:48:56 IST" duration-ms="75092">
      <class name="com.adactingLoginTest.LoginTest">
        <test-method is-config="true" signature="beforeMethod(java.lang.String)[pri:0, instance:com.adactingLoginTest.LoginTest@548e6d58]" started-at="2024-12-18T13:47:41 IST" name="beforeMethod" finished-at="2024-12-18T13:47:44 IST" duration-ms="3306" status="PASS">
          <params>
            <param index="0">
              <value>
                <![CDATA[chrome]]>
              </value>
            </param>
          </params>
          <reporter-output>
          </reporter-output>
        </test-method> <!-- beforeMethod -->
        <test-method signature="tc_001()[pri:1, instance:com.adactingLoginTest.LoginTest@548e6d58]" started-at="2024-12-18T13:47:44 IST" name="tc_001" finished-at="2024-12-18T13:47:45 IST" duration-ms="1188" status="PASS">
          <reporter-output>
          </reporter-output>
        </test-method> <!-- tc_001 -->
        <test-method is-config="true" signature="afterMethod()[pri:0, instance:com.adactingLoginTest.LoginTest@548e6d58]" started-at="2024-12-18T13:47:45 IST" name="afterMethod" finished-at="2024-12-18T13:47:48 IST" duration-ms="3175" status="PASS">
          <reporter-output>
          </reporter-output>
        </test-method> <!-- afterMethod -->
        <test-method is-config="true" signature="beforeMethod(java.lang.String)[pri:0, instance:com.adactingLoginTest.LoginTest@548e6d58]" started-at="2024-12-18T13:47:48 IST" name="beforeMethod" finished-at="2024-12-18T13:47:51 IST" duration-ms="2590" status="PASS">
          <params>
            <param index="0">
              <value>
                <![CDATA[chrome]]>
              </value>
            </param>
          </params>
          <reporter-output>
          </reporter-output>
        </test-method> <!-- beforeMethod -->
        <test-method signature="tc_001()[pri:1, instance:com.adactingLoginTest.LoginTest@548e6d58]" started-at="2024-12-18T13:47:51 IST" name="tc_001" finished-at="2024-12-18T13:47:52 IST" duration-ms="879" status="PASS">
          <reporter-output>
          </reporter-output>
        </test-method> <!-- tc_001 -->
        <test-method is-config="true" signature="afterMethod()[pri:0, instance:com.adactingLoginTest.LoginTest@548e6d58]" started-at="2024-12-18T13:47:52 IST" name="afterMethod" finished-at="2024-12-18T13:47:55 IST" duration-ms="3188" status="PASS">
          <reporter-output>
          </reporter-output>
        </test-method> <!-- afterMethod -->
        <test-method is-config="true" signature="beforeMethod(java.lang.String)[pri:0, instance:com.adactingLoginTest.LoginTest@548e6d58]" started-at="2024-12-18T13:47:55 IST" name="beforeMethod" finished-at="2024-12-18T13:47:58 IST" duration-ms="2790" status="PASS">
          <params>
            <param index="0">
              <value>
                <![CDATA[chrome]]>
              </value>
            </param>
          </params>
          <reporter-output>
          </reporter-output>
        </test-method> <!-- beforeMethod -->
        <test-method signature="tc_001()[pri:1, instance:com.adactingLoginTest.LoginTest@548e6d58]" started-at="2024-12-18T13:47:58 IST" name="tc_001" finished-at="2024-12-18T13:47:59 IST" duration-ms="775" status="PASS">
          <reporter-output>
          </reporter-output>
        </test-method> <!-- tc_001 -->
        <test-method is-config="true" signature="afterMethod()[pri:0, instance:com.adactingLoginTest.LoginTest@548e6d58]" started-at="2024-12-18T13:47:59 IST" name="afterMethod" finished-at="2024-12-18T13:48:02 IST" duration-ms="3179" status="PASS">
          <reporter-output>
          </reporter-output>
        </test-method> <!-- afterMethod -->
        <test-method is-config="true" signature="beforeMethod(java.lang.String)[pri:0, instance:com.adactingLoginTest.LoginTest@548e6d58]" started-at="2024-12-18T13:48:02 IST" name="beforeMethod" finished-at="2024-12-18T13:48:04 IST" duration-ms="2702" status="PASS">
          <params>
            <param index="0">
              <value>
                <![CDATA[chrome]]>
              </value>
            </param>
          </params>
          <reporter-output>
          </reporter-output>
        </test-method> <!-- beforeMethod -->
        <test-method signature="tc_002()[pri:2, instance:com.adactingLoginTest.LoginTest@548e6d58]" started-at="2024-12-18T13:48:04 IST" name="tc_002" finished-at="2024-12-18T13:48:05 IST" duration-ms="807" status="PASS">
          <reporter-output>
          </reporter-output>
        </test-method> <!-- tc_002 -->
        <test-method is-config="true" signature="afterMethod()[pri:0, instance:com.adactingLoginTest.LoginTest@548e6d58]" started-at="2024-12-18T13:48:05 IST" name="afterMethod" finished-at="2024-12-18T13:48:08 IST" duration-ms="3160" status="PASS">
          <reporter-output>
          </reporter-output>
        </test-method> <!-- afterMethod -->
        <test-method is-config="true" signature="beforeMethod(java.lang.String)[pri:0, instance:com.adactingLoginTest.LoginTest@548e6d58]" started-at="2024-12-18T13:48:08 IST" name="beforeMethod" finished-at="2024-12-18T13:48:11 IST" duration-ms="2643" status="PASS">
          <params>
            <param index="0">
              <value>
                <![CDATA[chrome]]>
              </value>
            </param>
          </params>
          <reporter-output>
          </reporter-output>
        </test-method> <!-- beforeMethod -->
        <test-method signature="tc_003()[pri:3, instance:com.adactingLoginTest.LoginTest@548e6d58]" started-at="2024-12-18T13:48:11 IST" name="tc_003" finished-at="2024-12-18T13:48:12 IST" duration-ms="904" status="PASS">
          <reporter-output>
          </reporter-output>
        </test-method> <!-- tc_003 -->
        <test-method is-config="true" signature="afterMethod()[pri:0, instance:com.adactingLoginTest.LoginTest@548e6d58]" started-at="2024-12-18T13:48:12 IST" name="afterMethod" finished-at="2024-12-18T13:48:15 IST" duration-ms="3161" status="PASS">
          <reporter-output>
          </reporter-output>
        </test-method> <!-- afterMethod -->
        <test-method is-config="true" signature="beforeMethod(java.lang.String)[pri:0, instance:com.adactingLoginTest.LoginTest@548e6d58]" started-at="2024-12-18T13:48:15 IST" name="beforeMethod" finished-at="2024-12-18T13:48:18 IST" duration-ms="2526" status="PASS">
          <params>
            <param index="0">
              <value>
                <![CDATA[chrome]]>
              </value>
            </param>
          </params>
          <reporter-output>
          </reporter-output>
        </test-method> <!-- beforeMethod -->
        <test-method signature="tc_004()[pri:4, instance:com.adactingLoginTest.LoginTest@548e6d58]" started-at="2024-12-18T13:48:18 IST" name="tc_004" finished-at="2024-12-18T13:48:18 IST" duration-ms="440" status="PASS">
          <reporter-output>
          </reporter-output>
        </test-method> <!-- tc_004 -->
        <test-method is-config="true" signature="afterMethod()[pri:0, instance:com.adactingLoginTest.LoginTest@548e6d58]" started-at="2024-12-18T13:48:18 IST" name="afterMethod" finished-at="2024-12-18T13:48:21 IST" duration-ms="3171" status="PASS">
          <reporter-output>
          </reporter-output>
        </test-method> <!-- afterMethod -->
        <test-method is-config="true" signature="beforeMethod(java.lang.String)[pri:0, instance:com.adactingLoginTest.LoginTest@548e6d58]" started-at="2024-12-18T13:48:21 IST" name="beforeMethod" finished-at="2024-12-18T13:48:24 IST" duration-ms="2839" status="PASS">
          <params>
            <param index="0">
              <value>
                <![CDATA[chrome]]>
              </value>
            </param>
          </params>
          <reporter-output>
          </reporter-output>
        </test-method> <!-- beforeMethod -->
        <test-method signature="tc_005()[pri:5, instance:com.adactingLoginTest.LoginTest@548e6d58]" started-at="2024-12-18T13:48:24 IST" name="tc_005" finished-at="2024-12-18T13:48:37 IST" duration-ms="12735" status="PASS">
          <reporter-output>
          </reporter-output>
        </test-method> <!-- tc_005 -->
        <test-method is-config="true" signature="afterMethod()[pri:0, instance:com.adactingLoginTest.LoginTest@548e6d58]" started-at="2024-12-18T13:48:37 IST" name="afterMethod" finished-at="2024-12-18T13:48:40 IST" duration-ms="3200" status="PASS">
          <reporter-output>
          </reporter-output>
        </test-method> <!-- afterMethod -->
        <test-method is-config="true" signature="beforeMethod(java.lang.String)[pri:0, instance:com.adactingLoginTest.LoginTest@548e6d58]" started-at="2024-12-18T13:48:40 IST" name="beforeMethod" finished-at="2024-12-18T13:48:43 IST" duration-ms="2701" status="PASS">
          <params>
            <param index="0">
              <value>
                <![CDATA[chrome]]>
              </value>
            </param>
          </params>
          <reporter-output>
          </reporter-output>
        </test-method> <!-- beforeMethod -->
        <test-method signature="tc_006()[pri:6, instance:com.adactingLoginTest.LoginTest@548e6d58]" started-at="2024-12-18T13:48:43 IST" name="tc_006" finished-at="2024-12-18T13:48:46 IST" duration-ms="2917" status="PASS">
          <reporter-output>
          </reporter-output>
        </test-method> <!-- tc_006 -->
        <test-method is-config="true" signature="afterMethod()[pri:0, instance:com.adactingLoginTest.LoginTest@548e6d58]" started-at="2024-12-18T13:48:46 IST" name="afterMethod" finished-at="2024-12-18T13:48:49 IST" duration-ms="3185" status="PASS">
          <reporter-output>
          </reporter-output>
        </test-method> <!-- afterMethod -->
        <test-method is-config="true" signature="beforeMethod(java.lang.String)[pri:0, instance:com.adactingLoginTest.LoginTest@548e6d58]" started-at="2024-12-18T13:48:49 IST" name="beforeMethod" finished-at="2024-12-18T13:48:51 IST" duration-ms="2601" status="PASS">
          <params>
            <param index="0">
              <value>
                <![CDATA[chrome]]>
              </value>
            </param>
          </params>
          <reporter-output>
          </reporter-output>
        </test-method> <!-- beforeMethod -->
        <test-method signature="tc_007()[pri:7, instance:com.adactingLoginTest.LoginTest@548e6d58]" started-at="2024-12-18T13:48:51 IST" name="tc_007" finished-at="2024-12-18T13:48:53 IST" duration-ms="1052" status="PASS">
          <reporter-output>
          </reporter-output>
        </test-method> <!-- tc_007 -->
        <test-method is-config="true" signature="afterMethod()[pri:0, instance:com.adactingLoginTest.LoginTest@548e6d58]" started-at="2024-12-18T13:48:53 IST" name="afterMethod" finished-at="2024-12-18T13:48:56 IST" duration-ms="3213" status="PASS">
          <reporter-output>
          </reporter-output>
        </test-method> <!-- afterMethod -->
      </class> <!-- com.adactingLoginTest.LoginTest -->
    </test> <!-- Test -->
  </suite> <!-- Suite -->
</testng-results>
